(0000) 3000  0011000000000000 (  41)                 .ORIG x3000
(3000) 5000  0101000000000000 (  42)                 AND   R0 R0 R0
(3001) 5241  0101001001000001 (  43)                 AND   R1 R1 R1
(3002) 5482  0101010010000010 (  44)                 AND   R2 R2 R2
(3003) A006  1010000000000110 (  45)                 LDI   R0 ARRAY
(3004) A203  1010001000000011 (  47) START           LDI   R1 A
(3005) 07FE  0000011111111110 (  48)                 BRZP  START
(3006) B002  1011000000000010 (  49)                 STI   R0 B
(3007) 0E0C  0000111000001100 (  50)                 BRNZP DONE
(3008) FE04  1111111000000100 (  52) A               .FILL xFE04
(3009) FE06  1111111000000110 (  53) B               .FILL xFE06
(300A) 0001  0000000000000001 (  55) ARRAY           .FILL x0001
(300B) 0003  0000000000000011 (  56)                 .FILL x0003
(300C) 0007  0000000000000111 (  57)                 .FILL x0007
(300D) 0002  0000000000000010 (  58)                 .FILL x0002
(300E) 0005  0000000000000101 (  59)                 .FILL x0005
(300F) 0004  0000000000000100 (  60)                 .FILL x0004
(3010) 0008  0000000000001000 (  61)                 .FILL x0008
(3011) 0007  0000000000000111 (  62)                 .FILL x0007
(3012) 0000  0000000000000000 (  63)                 .FILL x0000
(3013) 0002  0000000000000010 (  64)                 .FILL x0002
(3014) F025  1111000000100101 (  65) DONE            TRAP  x25
