(0000) 3000  0011000000000000 (  44)                 .ORIG x3000
(3000) 5020  0101000000100000 (  45)                 AND   R0 R0 #0
(3001) 5260  0101001001100000 (  46)                 AND   R1 R1 #0
(3002) 54A0  0101010010100000 (  47)                 AND   R2 R2 #0
(3003) 56E0  0101011011100000 (  48)                 AND   R3 R3 #0
(3004) 5920  0101100100100000 (  49)                 AND   R4 R4 #0
(3005) 5B60  0101101101100000 (  50)                 AND   R5 R5 #0
(3006) 5DA0  0101110110100000 (  51)                 AND   R6 R6 #0
(3007) 5FE0  0101111111100000 (  52)                 AND   R7 R7 #0
(3008) EA6D  1110101001101101 (  55)                 LEA   R5 uInput
(3009) 2687  0010011010000111 (  56)                 LD    R3 Rem_ASCII
(300A) 2485  0010010010000101 (  57)                 LD    R2 MaxShift
(300B) 0E00  0000111000000000 (  59)                 BRNZP MAIN
(300C) E08B  1110000010001011 (  62) MAIN            LEA   R0 Prompt1
(300D) F022  1111000000100010 (  63)                 TRAP  x22
(300E) F023  1111000000100011 (  64)                 TRAP  x23
(300F) 1240  0001001001000000 (  65)                 ADD   R1 R1 R0
(3010) 1242  0001001001000010 (  66)                 ADD   R1 R1 R2
(3011) 0261  0000001001100001 (  67)                 BRP   ERROR
(3012) 1820  0001100000100000 (  69)                 ADD   R4 R0 #0
(3013) 1903  0001100100000011 (  70)                 ADD   R4 R4 R3
(3014) 045E  0000010001011110 (  71)                 BRZ   ERROR
(3015) 2475  0010010001110101 (  73)                 LD    R2 LoopCount
(3016) E0C4  1110000011000100 (  75)                 LEA   R0 Prompt2
(3017) F022  1111000000100010 (  76)                 TRAP  x22
(3018) 0E00  0000111000000000 (  77)                 BRNZP Message
(3019) 14BF  0001010010111111 (  82) Message         ADD   R2 R2 #-1
(301A) 0453  0000010001010011 (  83)                 BRZ   DONE
(301B) 5260  0101001001100000 (  84)                 AND   R1 R1 #0
(301C) F023  1111000000100011 (  85)                 TRAP  x23
(301D) 2C6E  0010110001101110 (  86)                 LD    R6 NewLine
(301E) 1201  0001001000000001 (  87)                 ADD   R1 R0 R1
(301F) 1246  0001001001000110 (  88)                 ADD   R1 R1 R6
(3020) 044D  0000010001001101 (  89)                 BRZ   DONE
(3021) 5260  0101001001100000 (  91)                 AND   R1 R1 #0
(3022) 2C70  0010110001110000 (  92)                 LD    R6 isSpace
(3023) 1240  0001001001000000 (  94)                 ADD   R1 R1 R0
(3024) 1246  0001001001000110 (  95)                 ADD   R1 R1 R6
(3025) 0445  0000010001000101 (  96)                 BRZ   AddSpace
(3026) 5260  0101001001100000 (  98)                 AND   R1 R1 #0
(3027) 2666  0010011001100110 (  99)                 LD    R3 NegA
(3028) 1201  0001001000000001 ( 101)                 ADD   R1 R0 R1
(3029) 1243  0001001001000011 ( 102)                 ADD   R1 R1 R3
(302A) 0848  0000100001001000 ( 103)                 BRN   ERROR
(302B) 5260  0101001001100000 ( 105)                 AND   R1 R1 #0
(302C) 1240  0001001001000000 ( 106)                 ADD   R1 R1 R0
(302D) 2661  0010011001100001 ( 108)                 LD    R3 NegZ
(302E) 1243  0001001001000011 ( 109)                 ADD   R1 R1 R3
(302F) 0243  0000001001000011 ( 110)                 BRP   ERROR
(3030) 5260  0101001001100000 ( 112)                 AND   R1 R1 #0
(3031) 1240  0001001001000000 ( 113)                 ADD   R1 R1 R0
(3032) 2663  0010011001100011 ( 115)                 LD    R3 is_Z
(3033) 5260  0101001001100000 ( 117)                 AND   R1 R1 #0
(3034) 1240  0001001001000000 ( 118)                 ADD   R1 R1 R0
(3035) 2C57  0010110001010111 ( 120)                 LD    R6 NoWrap
(3036) 5260  0101001001100000 ( 121)                 AND   R1 R1 #0
(3037) 1240  0001001001000000 ( 122)                 ADD   R1 R1 R0
(3038) 1246  0001001001000110 ( 123)                 ADD   R1 R1 R6
(3039) 0C23  0000110000100011 ( 124)                 BRNZ  encipher_C
(303A) 5260  0101001001100000 ( 127)                 AND   R1 R1 #0
(303B) 1201  0001001000000001 ( 128)                 ADD   R1 R0 R1
(303C) 1243  0001001001000011 ( 129)                 ADD   R1 R1 R3
(303D) 0C01  0000110000000001 ( 130)                 BRNZ  isUpper
(303E) 0205  0000001000000101 ( 131)                 BRP   toUpper
(303F) 0C23  0000110000100011 ( 135) isUpper         BRNZ  encipher_D
(3040) 96FF  1001011011111111 ( 136)                 NOT   R3 R3
(3041) 16E1  0001011011100001 ( 137)                 ADD   R3 R3 #1
(3042) 1243  0001001001000011 ( 138)                 ADD   R1 R1 R3
(3043) 0209  0000001000001001 ( 139)                 BRP   encipher_A
(3044) 96FF  1001011011111111 ( 142) toUpper         NOT   R3 R3
(3045) 16E1  0001011011100001 ( 143)                 ADD   R3 R3 #1
(3046) 1243  0001001001000011 ( 144)                 ADD   R1 R1 R3
(3047) 264F  0010011001001111 ( 145)                 LD    R3 toUpperC
(3048) 1243  0001001001000011 ( 146)                 ADD   R1 R1 R3
(3049) 264B  0010011001001011 ( 147)                 LD    R3 is_R
(304A) 1243  0001001001000011 ( 148)                 ADD   R1 R1 R3
(304B) 0201  0000001000000001 ( 149)                 BRP   encipher_A
(304C) 0809  0000100000001001 ( 150)                 BRN   encipher_B
(304D) 96FF  1001011011111111 ( 152) encipher_A      NOT   R3 R3
(304E) 16E1  0001011011100001 ( 153)                 ADD   R3 R3 #1
(304F) 1243  0001001001000011 ( 154)                 ADD   R1 R1 R3
(3050) 2643  0010011001000011 ( 156)                 LD    R3 WR
(3051) 1243  0001001001000011 ( 157)                 ADD   R1 R1 R3
(3052) 1244  0001001001000100 ( 158)                 ADD   R1 R1 R4
(3053) 7340  0111001101000000 ( 159)                 STR   R1 R5 #0
(3054) 1B61  0001101101100001 ( 160)                 ADD   R5 R5 #1
(3055) 0FC3  0000111111000011 ( 161)                 BRNZP Message
(3056) 96FF  1001011011111111 ( 164) encipher_B      NOT   R3 R3
(3057) 16E1  0001011011100001 ( 165)                 ADD   R3 R3 #1
(3058) 1243  0001001001000011 ( 166)                 ADD   R1 R1 R3
(3059) 1244  0001001001000100 ( 167)                 ADD   R1 R1 R4
(305A) 7340  0111001101000000 ( 168)                 STR   R1 R5 #0
(305B) 1B61  0001101101100001 ( 169)                 ADD   R5 R5 #1
(305C) 0FBC  0000111110111100 ( 170)                 BRNZP Message
(305D) 5260  0101001001100000 ( 172) encipher_C      AND   R1 R1 #0
(305E) 1240  0001001001000000 ( 173)                 ADD   R1 R1 R0
(305F) 1244  0001001001000100 ( 174)                 ADD   R1 R1 R4
(3060) 7340  0111001101000000 ( 175)                 STR   R1 R5 #0
(3061) 1B61  0001101101100001 ( 176)                 ADD   R5 R5 #1
(3062) 0FB6  0000111110110110 ( 177)                 BRNZP Message
(3063) 2630  0010011000110000 ( 179) encipher_D      LD    R3 WR
(3064) 5260  0101001001100000 ( 180)                 AND   R1 R1 #0
(3065) 1003  0001000000000011 ( 181)                 ADD   R0 R0 R3
(3066) 1240  0001001001000000 ( 182)                 ADD   R1 R1 R0
(3067) 1244  0001001001000100 ( 183)                 ADD   R1 R1 R4
(3068) 7340  0111001101000000 ( 184)                 STR   R1 R5 #0
(3069) 1B61  0001101101100001 ( 185)                 ADD   R5 R5 #1
(306A) 0FAE  0000111110101110 ( 186)                 BRNZP Message
(306B) 7140  0111000101000000 ( 188) AddSpace        STR   R0 R5 #0
(306C) 1B61  0001101101100001 ( 189)                 ADD   R5 R5 #1
(306D) 0FAB  0000111110101011 ( 190)                 BRNZP Message
(306E) 5260  0101001001100000 ( 192) DONE            AND   R1 R1 #0
(306F) 7340  0111001101000000 ( 193)                 STR   R1 R5 #0
(3070) E005  1110000000000101 ( 194)                 LEA   R0 uInput
(3071) F022  1111000000100010 ( 195)                 TRAP  x22
(3072) F025  1111000000100101 ( 196)                 TRAP  x25
(3073) E0A7  1110000010100111 ( 200) ERROR           LEA   R0 Eprompt
(3074) F022  1111000000100010 ( 201)                 TRAP  x22
(3075) F025  1111000000100101 ( 202)                 TRAP  x25
(3076) 0000  0000000000000000 ( 215) uInput          .FILL x0000
(3077) 0000  0000000000000000 ( 215)                 .FILL x0000
(3078) 0000  0000000000000000 ( 215)                 .FILL x0000
(3079) 0000  0000000000000000 ( 215)                 .FILL x0000
(307A) 0000  0000000000000000 ( 215)                 .FILL x0000
(307B) 0000  0000000000000000 ( 215)                 .FILL x0000
(307C) 0000  0000000000000000 ( 215)                 .FILL x0000
(307D) 0000  0000000000000000 ( 215)                 .FILL x0000
(307E) 0000  0000000000000000 ( 215)                 .FILL x0000
(307F) 0000  0000000000000000 ( 215)                 .FILL x0000
(3080) 0000  0000000000000000 ( 215)                 .FILL x0000
(3081) 0000  0000000000000000 ( 215)                 .FILL x0000
(3082) 0000  0000000000000000 ( 215)                 .FILL x0000
(3083) 0000  0000000000000000 ( 215)                 .FILL x0000
(3084) 0000  0000000000000000 ( 215)                 .FILL x0000
(3085) 0000  0000000000000000 ( 215)                 .FILL x0000
(3086) 0000  0000000000000000 ( 215)                 .FILL x0000
(3087) 0000  0000000000000000 ( 215)                 .FILL x0000
(3088) 0000  0000000000000000 ( 215)                 .FILL x0000
(3089) 0000  0000000000000000 ( 215)                 .FILL x0000
(308A) 0000  0000000000000000 ( 215)                 .FILL x0000
(308B) 0015  0000000000010101 ( 215) LoopCount       .FILL x0015
(308C) FFF6  1111111111110110 ( 216) NewLine         .FILL xFFF6
(308D) FFAF  1111111110101111 ( 217) NoWrap          .FILL xFFAF
(308E) FFBF  1111111110111111 ( 218) NegA            .FILL xFFBF
(308F) FF86  1111111110000110 ( 219) NegZ            .FILL xFF86
(3090) FFC7  1111111111000111 ( 220) MaxShift        .FILL xFFC7
(3091) FFD0  1111111111010000 ( 221) Rem_ASCII       .FILL xFFD0
(3092) FFEC  1111111111101100 ( 222) CharCount       .FILL xFFEC
(3093) FFE0  1111111111100000 ( 223) isSpace         .FILL xFFE0
(3094) FFE6  1111111111100110 ( 224) WR              .FILL xFFE6
(3095) FFAE  1111111110101110 ( 225) is_R            .FILL xFFAE
(3096) FFA6  1111111110100110 ( 226) is_Z            .FILL xFFA6
(3097) FFE0  1111111111100000 ( 227) toUpperC        .FILL xFFE0
(3098) 0045  0000000001000101 ( 229) Prompt1         .FILL x0045
(3099) 006E  0000000001101110 ( 229)                 .FILL x006E
(309A) 0074  0000000001110100 ( 229)                 .FILL x0074
(309B) 0065  0000000001100101 ( 229)                 .FILL x0065
(309C) 0072  0000000001110010 ( 229)                 .FILL x0072
(309D) 0020  0000000000100000 ( 229)                 .FILL x0020
(309E) 0074  0000000001110100 ( 229)                 .FILL x0074
(309F) 0068  0000000001101000 ( 229)                 .FILL x0068
(30A0) 0065  0000000001100101 ( 229)                 .FILL x0065
(30A1) 0020  0000000000100000 ( 229)                 .FILL x0020
(30A2) 0064  0000000001100100 ( 229)                 .FILL x0064
(30A3) 0065  0000000001100101 ( 229)                 .FILL x0065
(30A4) 0073  0000000001110011 ( 229)                 .FILL x0073
(30A5) 0069  0000000001101001 ( 229)                 .FILL x0069
(30A6) 0072  0000000001110010 ( 229)                 .FILL x0072
(30A7) 0065  0000000001100101 ( 229)                 .FILL x0065
(30A8) 0064  0000000001100100 ( 229)                 .FILL x0064
(30A9) 0020  0000000000100000 ( 229)                 .FILL x0020
(30AA) 0073  0000000001110011 ( 229)                 .FILL x0073
(30AB) 0068  0000000001101000 ( 229)                 .FILL x0068
(30AC) 0069  0000000001101001 ( 229)                 .FILL x0069
(30AD) 0066  0000000001100110 ( 229)                 .FILL x0066
(30AE) 0074  0000000001110100 ( 229)                 .FILL x0074
(30AF) 0020  0000000000100000 ( 229)                 .FILL x0020
(30B0) 006B  0000000001101011 ( 229)                 .FILL x006B
(30B1) 0065  0000000001100101 ( 229)                 .FILL x0065
(30B2) 0079  0000000001111001 ( 229)                 .FILL x0079
(30B3) 0020  0000000000100000 ( 229)                 .FILL x0020
(30B4) 006E  0000000001101110 ( 229)                 .FILL x006E
(30B5) 0075  0000000001110101 ( 229)                 .FILL x0075
(30B6) 006D  0000000001101101 ( 229)                 .FILL x006D
(30B7) 0062  0000000001100010 ( 229)                 .FILL x0062
(30B8) 0065  0000000001100101 ( 229)                 .FILL x0065
(30B9) 0072  0000000001110010 ( 229)                 .FILL x0072
(30BA) 0020  0000000000100000 ( 229)                 .FILL x0020
(30BB) 0028  0000000000101000 ( 229)                 .FILL x0028
(30BC) 0020  0000000000100000 ( 229)                 .FILL x0020
(30BD) 0031  0000000000110001 ( 229)                 .FILL x0031
(30BE) 0020  0000000000100000 ( 229)                 .FILL x0020
(30BF) 002D  0000000000101101 ( 229)                 .FILL x002D
(30C0) 0020  0000000000100000 ( 229)                 .FILL x0020
(30C1) 0039  0000000000111001 ( 229)                 .FILL x0039
(30C2) 0020  0000000000100000 ( 229)                 .FILL x0020
(30C3) 0029  0000000000101001 ( 229)                 .FILL x0029
(30C4) 0020  0000000000100000 ( 229)                 .FILL x0020
(30C5) 0066  0000000001100110 ( 229)                 .FILL x0066
(30C6) 006F  0000000001101111 ( 229)                 .FILL x006F
(30C7) 0072  0000000001110010 ( 229)                 .FILL x0072
(30C8) 0020  0000000000100000 ( 229)                 .FILL x0020
(30C9) 0079  0000000001111001 ( 229)                 .FILL x0079
(30CA) 006F  0000000001101111 ( 229)                 .FILL x006F
(30CB) 0075  0000000001110101 ( 229)                 .FILL x0075
(30CC) 0072  0000000001110010 ( 229)                 .FILL x0072
(30CD) 0020  0000000000100000 ( 229)                 .FILL x0020
(30CE) 0065  0000000001100101 ( 229)                 .FILL x0065
(30CF) 006E  0000000001101110 ( 229)                 .FILL x006E
(30D0) 0063  0000000001100011 ( 229)                 .FILL x0063
(30D1) 0072  0000000001110010 ( 229)                 .FILL x0072
(30D2) 0079  0000000001111001 ( 229)                 .FILL x0079
(30D3) 0070  0000000001110000 ( 229)                 .FILL x0070
(30D4) 0074  0000000001110100 ( 229)                 .FILL x0074
(30D5) 0069  0000000001101001 ( 229)                 .FILL x0069
(30D6) 006F  0000000001101111 ( 229)                 .FILL x006F
(30D7) 006E  0000000001101110 ( 229)                 .FILL x006E
(30D8) 003A  0000000000111010 ( 229)                 .FILL x003A
(30D9) 0020  0000000000100000 ( 229)                 .FILL x0020
(30DA) 0000  0000000000000000 ( 229)                 .FILL x0000
(30DB) 000A  0000000000001010 ( 230) Prompt2         .FILL x000A
(30DC) 0045  0000000001000101 ( 230)                 .FILL x0045
(30DD) 006E  0000000001101110 ( 230)                 .FILL x006E
(30DE) 0074  0000000001110100 ( 230)                 .FILL x0074
(30DF) 0065  0000000001100101 ( 230)                 .FILL x0065
(30E0) 0072  0000000001110010 ( 230)                 .FILL x0072
(30E1) 0020  0000000000100000 ( 230)                 .FILL x0020
(30E2) 0061  0000000001100001 ( 230)                 .FILL x0061
(30E3) 0020  0000000000100000 ( 230)                 .FILL x0020
(30E4) 006D  0000000001101101 ( 230)                 .FILL x006D
(30E5) 0065  0000000001100101 ( 230)                 .FILL x0065
(30E6) 0073  0000000001110011 ( 230)                 .FILL x0073
(30E7) 0073  0000000001110011 ( 230)                 .FILL x0073
(30E8) 0061  0000000001100001 ( 230)                 .FILL x0061
(30E9) 0067  0000000001100111 ( 230)                 .FILL x0067
(30EA) 0065  0000000001100101 ( 230)                 .FILL x0065
(30EB) 0020  0000000000100000 ( 230)                 .FILL x0020
(30EC) 0074  0000000001110100 ( 230)                 .FILL x0074
(30ED) 006F  0000000001101111 ( 230)                 .FILL x006F
(30EE) 0020  0000000000100000 ( 230)                 .FILL x0020
(30EF) 0062  0000000001100010 ( 230)                 .FILL x0062
(30F0) 0065  0000000001100101 ( 230)                 .FILL x0065
(30F1) 0020  0000000000100000 ( 230)                 .FILL x0020
(30F2) 0065  0000000001100101 ( 230)                 .FILL x0065
(30F3) 006E  0000000001101110 ( 230)                 .FILL x006E
(30F4) 0063  0000000001100011 ( 230)                 .FILL x0063
(30F5) 0072  0000000001110010 ( 230)                 .FILL x0072
(30F6) 0079  0000000001111001 ( 230)                 .FILL x0079
(30F7) 0070  0000000001110000 ( 230)                 .FILL x0070
(30F8) 0074  0000000001110100 ( 230)                 .FILL x0074
(30F9) 0065  0000000001100101 ( 230)                 .FILL x0065
(30FA) 0064  0000000001100100 ( 230)                 .FILL x0064
(30FB) 003A  0000000000111010 ( 230)                 .FILL x003A
(30FC) 0020  0000000000100000 ( 230)                 .FILL x0020
(30FD) 0000  0000000000000000 ( 230)                 .FILL x0000
(30FE) 000A  0000000000001010 ( 231) EndMessage      .FILL x000A
(30FF) 0059  0000000001011001 ( 231)                 .FILL x0059
(3100) 006F  0000000001101111 ( 231)                 .FILL x006F
(3101) 0075  0000000001110101 ( 231)                 .FILL x0075
(3102) 0072  0000000001110010 ( 231)                 .FILL x0072
(3103) 0020  0000000000100000 ( 231)                 .FILL x0020
(3104) 0065  0000000001100101 ( 231)                 .FILL x0065
(3105) 006E  0000000001101110 ( 231)                 .FILL x006E
(3106) 0063  0000000001100011 ( 231)                 .FILL x0063
(3107) 0072  0000000001110010 ( 231)                 .FILL x0072
(3108) 0079  0000000001111001 ( 231)                 .FILL x0079
(3109) 0070  0000000001110000 ( 231)                 .FILL x0070
(310A) 0074  0000000001110100 ( 231)                 .FILL x0074
(310B) 0065  0000000001100101 ( 231)                 .FILL x0065
(310C) 0064  0000000001100100 ( 231)                 .FILL x0064
(310D) 0020  0000000000100000 ( 231)                 .FILL x0020
(310E) 006D  0000000001101101 ( 231)                 .FILL x006D
(310F) 0065  0000000001100101 ( 231)                 .FILL x0065
(3110) 0073  0000000001110011 ( 231)                 .FILL x0073
(3111) 0073  0000000001110011 ( 231)                 .FILL x0073
(3112) 0061  0000000001100001 ( 231)                 .FILL x0061
(3113) 0067  0000000001100111 ( 231)                 .FILL x0067
(3114) 0065  0000000001100101 ( 231)                 .FILL x0065
(3115) 0020  0000000000100000 ( 231)                 .FILL x0020
(3116) 0069  0000000001101001 ( 231)                 .FILL x0069
(3117) 0073  0000000001110011 ( 231)                 .FILL x0073
(3118) 003A  0000000000111010 ( 231)                 .FILL x003A
(3119) 0020  0000000000100000 ( 231)                 .FILL x0020
(311A) 0000  0000000000000000 ( 231)                 .FILL x0000
(311B) 0059  0000000001011001 ( 232) Eprompt         .FILL x0059
(311C) 006F  0000000001101111 ( 232)                 .FILL x006F
(311D) 0075  0000000001110101 ( 232)                 .FILL x0075
(311E) 0020  0000000000100000 ( 232)                 .FILL x0020
(311F) 0068  0000000001101000 ( 232)                 .FILL x0068
(3120) 0061  0000000001100001 ( 232)                 .FILL x0061
(3121) 0076  0000000001110110 ( 232)                 .FILL x0076
(3122) 0065  0000000001100101 ( 232)                 .FILL x0065
(3123) 0020  0000000000100000 ( 232)                 .FILL x0020
(3124) 0065  0000000001100101 ( 232)                 .FILL x0065
(3125) 006E  0000000001101110 ( 232)                 .FILL x006E
(3126) 0074  0000000001110100 ( 232)                 .FILL x0074
(3127) 0065  0000000001100101 ( 232)                 .FILL x0065
(3128) 0072  0000000001110010 ( 232)                 .FILL x0072
(3129) 0065  0000000001100101 ( 232)                 .FILL x0065
(312A) 0064  0000000001100100 ( 232)                 .FILL x0064
(312B) 0020  0000000000100000 ( 232)                 .FILL x0020
(312C) 0061  0000000001100001 ( 232)                 .FILL x0061
(312D) 006E  0000000001101110 ( 232)                 .FILL x006E
(312E) 0020  0000000000100000 ( 232)                 .FILL x0020
(312F) 0069  0000000001101001 ( 232)                 .FILL x0069
(3130) 006E  0000000001101110 ( 232)                 .FILL x006E
(3131) 0063  0000000001100011 ( 232)                 .FILL x0063
(3132) 006F  0000000001101111 ( 232)                 .FILL x006F
(3133) 0072  0000000001110010 ( 232)                 .FILL x0072
(3134) 0072  0000000001110010 ( 232)                 .FILL x0072
(3135) 0065  0000000001100101 ( 232)                 .FILL x0065
(3136) 0063  0000000001100011 ( 232)                 .FILL x0063
(3137) 0074  0000000001110100 ( 232)                 .FILL x0074
(3138) 0020  0000000000100000 ( 232)                 .FILL x0020
(3139) 0076  0000000001110110 ( 232)                 .FILL x0076
(313A) 0061  0000000001100001 ( 232)                 .FILL x0061
(313B) 006C  0000000001101100 ( 232)                 .FILL x006C
(313C) 0075  0000000001110101 ( 232)                 .FILL x0075
(313D) 0065  0000000001100101 ( 232)                 .FILL x0065
(313E) 002C  0000000000101100 ( 232)                 .FILL x002C
(313F) 0020  0000000000100000 ( 232)                 .FILL x0020
(3140) 0054  0000000001010100 ( 232)                 .FILL x0054
(3141) 0068  0000000001101000 ( 232)                 .FILL x0068
(3142) 0065  0000000001100101 ( 232)                 .FILL x0065
(3143) 0020  0000000000100000 ( 232)                 .FILL x0020
(3144) 0070  0000000001110000 ( 232)                 .FILL x0070
(3145) 0072  0000000001110010 ( 232)                 .FILL x0072
(3146) 006F  0000000001101111 ( 232)                 .FILL x006F
(3147) 0067  0000000001100111 ( 232)                 .FILL x0067
(3148) 0072  0000000001110010 ( 232)                 .FILL x0072
(3149) 0061  0000000001100001 ( 232)                 .FILL x0061
(314A) 006D  0000000001101101 ( 232)                 .FILL x006D
(314B) 0020  0000000000100000 ( 232)                 .FILL x0020
(314C) 0077  0000000001110111 ( 232)                 .FILL x0077
(314D) 0069  0000000001101001 ( 232)                 .FILL x0069
(314E) 006C  0000000001101100 ( 232)                 .FILL x006C
(314F) 006C  0000000001101100 ( 232)                 .FILL x006C
(3150) 0020  0000000000100000 ( 232)                 .FILL x0020
(3151) 006E  0000000001101110 ( 232)                 .FILL x006E
(3152) 006F  0000000001101111 ( 232)                 .FILL x006F
(3153) 0077  0000000001110111 ( 232)                 .FILL x0077
(3154) 0020  0000000000100000 ( 232)                 .FILL x0020
(3155) 0065  0000000001100101 ( 232)                 .FILL x0065
(3156) 006E  0000000001101110 ( 232)                 .FILL x006E
(3157) 0064  0000000001100100 ( 232)                 .FILL x0064
(3158) 0000  0000000000000000 ( 232)                 .FILL x0000
