(0000) 3000  0011000000000000 (  50)                 .ORIG x3000
(3000) 5260  0101001001100000 (  51)                 AND   R1 R1 #0
(3001) 54A0  0101010010100000 (  52)                 AND   R2 R2 #0
(3002) 56E0  0101011011100000 (  53)                 AND   R3 R3 #0
(3003) 5920  0101100100100000 (  54)                 AND   R4 R4 #0
(3004) 5B60  0101101101100000 (  55)                 AND   R5 R5 #0
(3005) 5DA0  0101110110100000 (  56)                 AND   R6 R6 #0
(3006) 4807  0100100000000111 (  61)                 JSR   Subr_Init
(3007) F040  1111000001000000 (  62) Get_Input       TRAP  x40
(3008) 1B61  0001101101100001 (  64) Get_Output      ADD   R5 R5 #1
(3009) 1260  0001001001100000 (  65)                 ADD   R1 R1 #0
(300A) 6A40  0110101001000000 (  66)                 LDR   R5 R1 #0
(300B) 2A00  0010101000000000 (  67)                 LD    R5 x300C
(300C) F021  1111000000100001 (  68)                 TRAP  x21
(300D) 0E12  0000111000010010 (  69)                 BRNZP EXIT
(300E) 2816  0010100000010110 (  73) Subr_Init       LD    R4 newLineCh
(300F) 2412  0010010000010010 (  74)                 LD    R2 isTwenty
(3010) EC12  1110110000010010 (  75)                 LEA   R6 Stack
(3011) EA5F  1110101001011111 (  76)                 LEA   R5 BUFFER
(3012) E211  1110001000010001 (  77)                 LEA   R1 Move_Buff
(3013) 6A40  0110101001000000 (  78)                 LDR   R5 R1 #0
(3014) 225B  0010001001011011 (  80)                 LD    R1 TRP_ADDY
(3015) E602  1110011000000010 (  81)                 LEA   R3 TRAP_Handler
(3016) 7640  0111011001000000 (  82)                 STR   R3 R1 #0
(3017) C1C0  1100000111000000 (  84)                 RET   
(3018) F023  1111000000100011 (  88) TRAP_Handler    TRAP  x23
(3019) 1300  0001001100000000 (  89)                 ADD   R1 R4 R0
(301A) 05ED  0000010111101101 (  90)                 BRZ   Get_Output
(301B) 7140  0111000101000000 (  91)                 STR   R0 R5 #0
(301C) 1B61  0001101101100001 (  92)                 ADD   R5 R5 #1
(301D) 1342  0001001101000010 (  93)                 ADD   R1 R5 R2
(301E) 044E  0000010001001110 (  94)                 BRZ   ERROR1
(301F) 0FE7  0000111111100111 (  95)                 BRNZP Get_Input
(3020) F025  1111000000100101 ( 100) EXIT            TRAP  x25
(3021) 0000  0000000000000000 ( 101) SaveR0          .FILL x0000
(3022) F04C  1111000001001100 ( 102) isTwenty        .FILL xF04C
(3023) 8000  1000000000000000 ( 103) Stack           .FILL x8000
(3024) 4000  0100000000000000 ( 104) Move_Buff       .FILL x4000
(3025) FFF6  1111111111110110 ( 105) newLineCh       .FILL xFFF6
(3026) 0059  0000000001011001 ( 106) ERROR_Mess      .FILL x0059
(3027) 006F  0000000001101111 ( 106)                 .FILL x006F
(3028) 0075  0000000001110101 ( 106)                 .FILL x0075
(3029) 0020  0000000000100000 ( 106)                 .FILL x0020
(302A) 0068  0000000001101000 ( 106)                 .FILL x0068
(302B) 0061  0000000001100001 ( 106)                 .FILL x0061
(302C) 0076  0000000001110110 ( 106)                 .FILL x0076
(302D) 0065  0000000001100101 ( 106)                 .FILL x0065
(302E) 0020  0000000000100000 ( 106)                 .FILL x0020
(302F) 0065  0000000001100101 ( 106)                 .FILL x0065
(3030) 0078  0000000001111000 ( 106)                 .FILL x0078
(3031) 0063  0000000001100011 ( 106)                 .FILL x0063
(3032) 0065  0000000001100101 ( 106)                 .FILL x0065
(3033) 0065  0000000001100101 ( 106)                 .FILL x0065
(3034) 0064  0000000001100100 ( 106)                 .FILL x0064
(3035) 0065  0000000001100101 ( 106)                 .FILL x0065
(3036) 0064  0000000001100100 ( 106)                 .FILL x0064
(3037) 0020  0000000000100000 ( 106)                 .FILL x0020
(3038) 0074  0000000001110100 ( 106)                 .FILL x0074
(3039) 0068  0000000001101000 ( 106)                 .FILL x0068
(303A) 0065  0000000001100101 ( 106)                 .FILL x0065
(303B) 0020  0000000000100000 ( 106)                 .FILL x0020
(303C) 006B  0000000001101011 ( 106)                 .FILL x006B
(303D) 0065  0000000001100101 ( 106)                 .FILL x0065
(303E) 0079  0000000001111001 ( 106)                 .FILL x0079
(303F) 0062  0000000001100010 ( 106)                 .FILL x0062
(3040) 006F  0000000001101111 ( 106)                 .FILL x006F
(3041) 0061  0000000001100001 ( 106)                 .FILL x0061
(3042) 0072  0000000001110010 ( 106)                 .FILL x0072
(3043) 0064  0000000001100100 ( 106)                 .FILL x0064
(3044) 0020  0000000000100000 ( 106)                 .FILL x0020
(3045) 0062  0000000001100010 ( 106)                 .FILL x0062
(3046) 0075  0000000001110101 ( 106)                 .FILL x0075
(3047) 0066  0000000001100110 ( 106)                 .FILL x0066
(3048) 0066  0000000001100110 ( 106)                 .FILL x0066
(3049) 0065  0000000001100101 ( 106)                 .FILL x0065
(304A) 0072  0000000001110010 ( 106)                 .FILL x0072
(304B) 002E  0000000000101110 ( 106)                 .FILL x002E
(304C) 0020  0000000000100000 ( 106)                 .FILL x0020
(304D) 0054  0000000001010100 ( 106)                 .FILL x0054
(304E) 0068  0000000001101000 ( 106)                 .FILL x0068
(304F) 0065  0000000001100101 ( 106)                 .FILL x0065
(3050) 0020  0000000000100000 ( 106)                 .FILL x0020
(3051) 0070  0000000001110000 ( 106)                 .FILL x0070
(3052) 0072  0000000001110010 ( 106)                 .FILL x0072
(3053) 006F  0000000001101111 ( 106)                 .FILL x006F
(3054) 0067  0000000001100111 ( 106)                 .FILL x0067
(3055) 0072  0000000001110010 ( 106)                 .FILL x0072
(3056) 0061  0000000001100001 ( 106)                 .FILL x0061
(3057) 006D  0000000001101101 ( 106)                 .FILL x006D
(3058) 0020  0000000000100000 ( 106)                 .FILL x0020
(3059) 0077  0000000001110111 ( 106)                 .FILL x0077
(305A) 0069  0000000001101001 ( 106)                 .FILL x0069
(305B) 006C  0000000001101100 ( 106)                 .FILL x006C
(305C) 006C  0000000001101100 ( 106)                 .FILL x006C
(305D) 0020  0000000000100000 ( 106)                 .FILL x0020
(305E) 006E  0000000001101110 ( 106)                 .FILL x006E
(305F) 006F  0000000001101111 ( 106)                 .FILL x006F
(3060) 0077  0000000001110111 ( 106)                 .FILL x0077
(3061) 0020  0000000000100000 ( 106)                 .FILL x0020
(3062) 0074  0000000001110100 ( 106)                 .FILL x0074
(3063) 0065  0000000001100101 ( 106)                 .FILL x0065
(3064) 0072  0000000001110010 ( 106)                 .FILL x0072
(3065) 006D  0000000001101101 ( 106)                 .FILL x006D
(3066) 0069  0000000001101001 ( 106)                 .FILL x0069
(3067) 006E  0000000001101110 ( 106)                 .FILL x006E
(3068) 0061  0000000001100001 ( 106)                 .FILL x0061
(3069) 0074  0000000001110100 ( 106)                 .FILL x0074
(306A) 0065  0000000001100101 ( 106)                 .FILL x0065
(306B) 002E  0000000000101110 ( 106)                 .FILL x002E
(306C) 0000  0000000000000000 ( 106)                 .FILL x0000
(306D) 23B8  0010001110111000 ( 107) ERROR1          LD    R1 ERROR_Mess
(306E) F021  1111000000100001 ( 108)                 TRAP  x21
(306F) F025  1111000000100101 ( 109)                 TRAP  x25
(3070) 0040  0000000001000000 ( 111) TRP_ADDY        .FILL x0040
(3071) 0000  0000000000000000 ( 114) BUFFER          .FILL x0000
(3072) 0000  0000000000000000 ( 114)                 .FILL x0000
(3073) 0000  0000000000000000 ( 114)                 .FILL x0000
(3074) 0000  0000000000000000 ( 114)                 .FILL x0000
(3075) 0000  0000000000000000 ( 114)                 .FILL x0000
(3076) 0000  0000000000000000 ( 114)                 .FILL x0000
(3077) 0000  0000000000000000 ( 114)                 .FILL x0000
(3078) 0000  0000000000000000 ( 114)                 .FILL x0000
(3079) 0000  0000000000000000 ( 114)                 .FILL x0000
(307A) 0000  0000000000000000 ( 114)                 .FILL x0000
(307B) 0000  0000000000000000 ( 114)                 .FILL x0000
(307C) 0000  0000000000000000 ( 114)                 .FILL x0000
(307D) 0000  0000000000000000 ( 114)                 .FILL x0000
(307E) 0000  0000000000000000 ( 114)                 .FILL x0000
(307F) 0000  0000000000000000 ( 114)                 .FILL x0000
(3080) 0000  0000000000000000 ( 114)                 .FILL x0000
(3081) 0000  0000000000000000 ( 114)                 .FILL x0000
(3082) 0000  0000000000000000 ( 114)                 .FILL x0000
(3083) 0000  0000000000000000 ( 114)                 .FILL x0000
(3084) 0000  0000000000000000 ( 114)                 .FILL x0000
(3085) 0000  0000000000000000 ( 114)                 .FILL x0000
