(0000) 3000  0011000000000000 (  51)                 .ORIG x3000
(3000) 5260  0101001001100000 (  52)                 AND   R1 R1 #0
(3001) 54A0  0101010010100000 (  53)                 AND   R2 R2 #0
(3002) 56E0  0101011011100000 (  54)                 AND   R3 R3 #0
(3003) 5920  0101100100100000 (  55)                 AND   R4 R4 #0
(3004) 5B60  0101101101100000 (  56)                 AND   R5 R5 #0
(3005) 5DA0  0101110110100000 (  57)                 AND   R6 R6 #0
(3006) EC08  1110110000001000 (  59)                 LEA   R6 BUFFER
(3007) 2405  0010010000000101 (  60)                 LD    R2 TRP_ADDY
(3008) 2605  0010011000000101 (  61)                 LD    R3 TRAP_Hndlr
(3009) 7680  0111011010000000 (  62)                 STR   R3 R2 #0
(300A) C1C0  1100000111000000 (  63)                 RET   
(300B) 5000  0101000000000000 (  64) Stack_Top       .FILL x5000
(300C) AFE0  1010111111100000 (  65) MAX_BUFFER      .FILL xAFE0
(300D) 0040  0000000001000000 (  66) TRP_ADDY        .FILL x0040
(300E) 1260  0001001001100000 (  67) TRAP_Hndlr      ADD   R1 R1 #0
(300F) 0000  0000000000000000 (  69) BUFFER          .FILL x0000
(3010) 0000  0000000000000000 (  69)                 .FILL x0000
(3011) 0000  0000000000000000 (  69)                 .FILL x0000
(3012) 0000  0000000000000000 (  69)                 .FILL x0000
(3013) 0000  0000000000000000 (  69)                 .FILL x0000
(3014) 0000  0000000000000000 (  69)                 .FILL x0000
(3015) 0000  0000000000000000 (  69)                 .FILL x0000
(3016) 0000  0000000000000000 (  69)                 .FILL x0000
(3017) 0000  0000000000000000 (  69)                 .FILL x0000
(3018) 0000  0000000000000000 (  69)                 .FILL x0000
(3019) 0000  0000000000000000 (  69)                 .FILL x0000
(301A) 0000  0000000000000000 (  69)                 .FILL x0000
(301B) 0000  0000000000000000 (  69)                 .FILL x0000
(301C) 0000  0000000000000000 (  69)                 .FILL x0000
(301D) 0000  0000000000000000 (  69)                 .FILL x0000
(301E) 0000  0000000000000000 (  69)                 .FILL x0000
(301F) 0000  0000000000000000 (  69)                 .FILL x0000
(3020) 0000  0000000000000000 (  69)                 .FILL x0000
(3021) 0000  0000000000000000 (  69)                 .FILL x0000
(3022) 0000  0000000000000000 (  69)                 .FILL x0000
