(0000) 3000  0011000000000000 (   1)                 .ORIG x3000
(3000) 5260  0101001001100000 (   2)                 AND   R1 R1 #0
(3001) 54A0  0101010010100000 (   3)                 AND   R2 R2 #0
(3002) 56E0  0101011011100000 (   4)                 AND   R3 R3 #0
(3003) 5920  0101100100100000 (   5)                 AND   R4 R4 #0
(3004) 5B60  0101101101100000 (   6)                 AND   R5 R5 #0
(3005) 5DA0  0101110110100000 (   7)                 AND   R6 R6 #0
(3006) 2C0A  0010110000001010 (  10)                 LD    R6 TOP_OF_STACK
(3007) 2007  0010000000000111 (  11)                 LD    R0 VALUE2
(3008) 1DBF  0001110110111111 (  13) PUSH            ADD   R6 R6 #-1
(3009) 7180  0111000110000000 (  14)                 STR   R0 R6 #0
(300A) 6180  0110000110000000 (  16) POP             LDR   R0 R6 #0
(300B) F021  1111000000100001 (  17)                 TRAP  x21
(300C) 1DA1  0001110110100001 (  18)                 ADD   R6 R6 #1
(300D) C1C0  1100000111000000 (  19)                 RET   
(300E) 0012  0000000000010010 (  21) VALUE1          .FILL x0012
(300F) 001F  0000000000011111 (  22) VALUE2          .FILL x001F
(3010) 0005  0000000000000101 (  23) VALUE3          .FILL x0005
(3011) 4000  0100000000000000 (  24) TOP_OF_STACK    .FILL x4000
(3012) C000  1100000000000000 (  25) EMPTY           .FILL xC000
(3013) 0000  0000000000000000 (  26) SaveR7          .FILL x0000
(3014) 0000  0000000000000000 (  28) BUFFER          .FILL x0000
(3015) 0000  0000000000000000 (  28)                 .FILL x0000
(3016) 0000  0000000000000000 (  28)                 .FILL x0000
(3017) 0000  0000000000000000 (  28)                 .FILL x0000
(3018) 0000  0000000000000000 (  28)                 .FILL x0000
(3019) 0000  0000000000000000 (  28)                 .FILL x0000
(301A) 0000  0000000000000000 (  28)                 .FILL x0000
(301B) 0000  0000000000000000 (  28)                 .FILL x0000
(301C) 0000  0000000000000000 (  28)                 .FILL x0000
(301D) 0000  0000000000000000 (  28)                 .FILL x0000
(301E) 0000  0000000000000000 (  28)                 .FILL x0000
(301F) 0000  0000000000000000 (  28)                 .FILL x0000
(3020) 0000  0000000000000000 (  28)                 .FILL x0000
(3021) 0000  0000000000000000 (  28)                 .FILL x0000
(3022) 0000  0000000000000000 (  28)                 .FILL x0000
(3023) 0000  0000000000000000 (  28)                 .FILL x0000
(3024) 0000  0000000000000000 (  28)                 .FILL x0000
(3025) 0000  0000000000000000 (  28)                 .FILL x0000
(3026) 0000  0000000000000000 (  28)                 .FILL x0000
(3027) 0000  0000000000000000 (  28)                 .FILL x0000
