(0000) 3000  0011000000000000 (  36)                 .ORIG x3000
(3000) 5020  0101000000100000 (  37)                 AND   R0 R0 #0
(3001) 5260  0101001001100000 (  38)                 AND   R1 R1 #0
(3002) 54A0  0101010010100000 (  39)                 AND   R2 R2 #0
(3003) 56E0  0101011011100000 (  40)                 AND   R3 R3 #0
(3004) 5920  0101100100100000 (  41)                 AND   R4 R4 #0
(3005) 5B60  0101101101100000 (  42)                 AND   R5 R5 #0
(3006) 5DA0  0101110110100000 (  43)                 AND   R6 R6 #0
(3007) 5FE0  0101111111100000 (  44)                 AND   R7 R7 #0
(3008) E8B8  1110100010111000 (  48)                 LEA   R4 MEMBLOCK
(3009) 7B00  0111101100000000 (  49)                 STR   R5 R4 #0
(300A) 200F  0010000000001111 (  50)                 LD    R0 NEWLINE
(300B) F021  1111000000100001 (  51)                 TRAP  x21
(300C) E00E  1110000000001110 (  52)                 LEA   R0 PROMPT1
(300D) F022  1111000000100010 (  53)                 TRAP  x22
(300E) 4806  0100100000000110 (  56)                 JSR   GetInt
(300F) 28AD  0010100010101101 (  59)                 LD    R4 CTERM
(3010) 16C4  0001011011000100 (  60)                 ADD   R3 R3 R4
(3011) 16E1  0001011011100001 (  61)                 ADD   R3 R3 #1
(3012) 16FF  0001011011111111 (  63) AGAIN           ADD   R3 R3 #-1
(3013) 0287  0000001010000111 (  64)                 BRP   GETCHAR
(3014) 0492  0000010010010010 (  65)                 BRZ   TOTAL_LOWER
(3015) F023  1111000000100011 (  70) GetInt          TRAP  x23
(3016) F021  1111000000100001 (  71)                 TRAP  x21
(3017) 1620  0001011000100000 (  72)                 ADD   R3 R0 #0
(3018) 2EA6  0010111010100110 (  73)                 LD    R7 RETURN
(3019) C1C0  1100000111000000 (  74)                 RET   
(301A) 000A  0000000000001010 (  79) NEWLINE         .FILL x000A
(301B) 0050  0000000001010000 (  80) PROMPT1         .FILL x0050
(301C) 006C  0000000001101100 (  80)                 .FILL x006C
(301D) 0065  0000000001100101 (  80)                 .FILL x0065
(301E) 0061  0000000001100001 (  80)                 .FILL x0061
(301F) 0073  0000000001110011 (  80)                 .FILL x0073
(3020) 0065  0000000001100101 (  80)                 .FILL x0065
(3021) 0020  0000000000100000 (  80)                 .FILL x0020
(3022) 0065  0000000001100101 (  80)                 .FILL x0065
(3023) 006E  0000000001101110 (  80)                 .FILL x006E
(3024) 0074  0000000001110100 (  80)                 .FILL x0074
(3025) 0065  0000000001100101 (  80)                 .FILL x0065
(3026) 0072  0000000001110010 (  80)                 .FILL x0072
(3027) 0020  0000000000100000 (  80)                 .FILL x0020
(3028) 0061  0000000001100001 (  80)                 .FILL x0061
(3029) 0020  0000000000100000 (  80)                 .FILL x0020
(302A) 006E  0000000001101110 (  80)                 .FILL x006E
(302B) 0075  0000000001110101 (  80)                 .FILL x0075
(302C) 006D  0000000001101101 (  80)                 .FILL x006D
(302D) 0062  0000000001100010 (  80)                 .FILL x0062
(302E) 0065  0000000001100101 (  80)                 .FILL x0065
(302F) 0072  0000000001110010 (  80)                 .FILL x0072
(3030) 0020  0000000000100000 (  80)                 .FILL x0020
(3031) 0028  0000000000101000 (  80)                 .FILL x0028
(3032) 0020  0000000000100000 (  80)                 .FILL x0020
(3033) 0030  0000000000110000 (  80)                 .FILL x0030
(3034) 0020  0000000000100000 (  80)                 .FILL x0020
(3035) 002D  0000000000101101 (  80)                 .FILL x002D
(3036) 0020  0000000000100000 (  80)                 .FILL x0020
(3037) 0039  0000000000111001 (  80)                 .FILL x0039
(3038) 0020  0000000000100000 (  80)                 .FILL x0020
(3039) 0029  0000000000101001 (  80)                 .FILL x0029
(303A) 0000  0000000000000000 (  80)                 .FILL x0000
(303B) 0045  0000000001000101 (  81) PROMPT2         .FILL x0045
(303C) 006E  0000000001101110 (  81)                 .FILL x006E
(303D) 0074  0000000001110100 (  81)                 .FILL x0074
(303E) 0065  0000000001100101 (  81)                 .FILL x0065
(303F) 0072  0000000001110010 (  81)                 .FILL x0072
(3040) 0020  0000000000100000 (  81)                 .FILL x0020
(3041) 0061  0000000001100001 (  81)                 .FILL x0061
(3042) 0020  0000000000100000 (  81)                 .FILL x0020
(3043) 006C  0000000001101100 (  81)                 .FILL x006C
(3044) 0065  0000000001100101 (  81)                 .FILL x0065
(3045) 0074  0000000001110100 (  81)                 .FILL x0074
(3046) 0074  0000000001110100 (  81)                 .FILL x0074
(3047) 0065  0000000001100101 (  81)                 .FILL x0065
(3048) 0072  0000000001110010 (  81)                 .FILL x0072
(3049) 0020  0000000000100000 (  81)                 .FILL x0020
(304A) 0066  0000000001100110 (  81)                 .FILL x0066
(304B) 0072  0000000001110010 (  81)                 .FILL x0072
(304C) 006F  0000000001101111 (  81)                 .FILL x006F
(304D) 006D  0000000001101101 (  81)                 .FILL x006D
(304E) 0020  0000000000100000 (  81)                 .FILL x0020
(304F) 0074  0000000001110100 (  81)                 .FILL x0074
(3050) 0068  0000000001101000 (  81)                 .FILL x0068
(3051) 0065  0000000001100101 (  81)                 .FILL x0065
(3052) 0020  0000000000100000 (  81)                 .FILL x0020
(3053) 006B  0000000001101011 (  81)                 .FILL x006B
(3054) 0065  0000000001100101 (  81)                 .FILL x0065
(3055) 0079  0000000001111001 (  81)                 .FILL x0079
(3056) 0062  0000000001100010 (  81)                 .FILL x0062
(3057) 006F  0000000001101111 (  81)                 .FILL x006F
(3058) 0061  0000000001100001 (  81)                 .FILL x0061
(3059) 0072  0000000001110010 (  81)                 .FILL x0072
(305A) 0064  0000000001100100 (  81)                 .FILL x0064
(305B) 0020  0000000000100000 (  81)                 .FILL x0020
(305C) 0062  0000000001100010 (  81)                 .FILL x0062
(305D) 0061  0000000001100001 (  81)                 .FILL x0061
(305E) 0073  0000000001110011 (  81)                 .FILL x0073
(305F) 0065  0000000001100101 (  81)                 .FILL x0065
(3060) 0064  0000000001100100 (  81)                 .FILL x0064
(3061) 0020  0000000000100000 (  81)                 .FILL x0020
(3062) 006F  0000000001101111 (  81)                 .FILL x006F
(3063) 006E  0000000001101110 (  81)                 .FILL x006E
(3064) 0020  0000000000100000 (  81)                 .FILL x0020
(3065) 0074  0000000001110100 (  81)                 .FILL x0074
(3066) 0068  0000000001101000 (  81)                 .FILL x0068
(3067) 0065  0000000001100101 (  81)                 .FILL x0065
(3068) 0020  0000000000100000 (  81)                 .FILL x0020
(3069) 006E  0000000001101110 (  81)                 .FILL x006E
(306A) 0075  0000000001110101 (  81)                 .FILL x0075
(306B) 006D  0000000001101101 (  81)                 .FILL x006D
(306C) 0062  0000000001100010 (  81)                 .FILL x0062
(306D) 0065  0000000001100101 (  81)                 .FILL x0065
(306E) 0072  0000000001110010 (  81)                 .FILL x0072
(306F) 0020  0000000000100000 (  81)                 .FILL x0020
(3070) 0079  0000000001111001 (  81)                 .FILL x0079
(3071) 006F  0000000001101111 (  81)                 .FILL x006F
(3072) 0075  0000000001110101 (  81)                 .FILL x0075
(3073) 0020  0000000000100000 (  81)                 .FILL x0020
(3074) 0073  0000000001110011 (  81)                 .FILL x0073
(3075) 0065  0000000001100101 (  81)                 .FILL x0065
(3076) 006C  0000000001101100 (  81)                 .FILL x006C
(3077) 0065  0000000001100101 (  81)                 .FILL x0065
(3078) 0063  0000000001100011 (  81)                 .FILL x0063
(3079) 0074  0000000001110100 (  81)                 .FILL x0074
(307A) 0065  0000000001100101 (  81)                 .FILL x0065
(307B) 0064  0000000001100100 (  81)                 .FILL x0064
(307C) 003A  0000000000111010 (  81)                 .FILL x003A
(307D) 0020  0000000000100000 (  81)                 .FILL x0020
(307E) 0000  0000000000000000 (  81)                 .FILL x0000
(307F) 004C  0000000001001100 (  82) PROMPT3         .FILL x004C
(3080) 006F  0000000001101111 (  82)                 .FILL x006F
(3081) 0077  0000000001110111 (  82)                 .FILL x0077
(3082) 0065  0000000001100101 (  82)                 .FILL x0065
(3083) 0072  0000000001110010 (  82)                 .FILL x0072
(3084) 0063  0000000001100011 (  82)                 .FILL x0063
(3085) 0061  0000000001100001 (  82)                 .FILL x0061
(3086) 0073  0000000001110011 (  82)                 .FILL x0073
(3087) 0065  0000000001100101 (  82)                 .FILL x0065
(3088) 0020  0000000000100000 (  82)                 .FILL x0020
(3089) 006C  0000000001101100 (  82)                 .FILL x006C
(308A) 0065  0000000001100101 (  82)                 .FILL x0065
(308B) 0074  0000000001110100 (  82)                 .FILL x0074
(308C) 0074  0000000001110100 (  82)                 .FILL x0074
(308D) 0065  0000000001100101 (  82)                 .FILL x0065
(308E) 0072  0000000001110010 (  82)                 .FILL x0072
(308F) 0073  0000000001110011 (  82)                 .FILL x0073
(3090) 0020  0000000000100000 (  82)                 .FILL x0020
(3091) 003D  0000000000111101 (  82)                 .FILL x003D
(3092) 0020  0000000000100000 (  82)                 .FILL x0020
(3093) 0000  0000000000000000 (  82)                 .FILL x0000
(3094) 14A1  0001010010100001 (  85) UPDATE          ADD   R2 R2 #1
(3095) 2C26  0010110000100110 (  86)                 LD    R6 CONVERT
(3096) 1006  0001000000000110 (  87)                 ADD   R0 R0 R6
(3097) 1A20  0001101000100000 (  88)                 ADD   R5 R0 #0
(3098) 3A28  0011101000101000 (  89)                 ST    R5 MEMBLOCK
(3099) 1921  0001100100100001 (  90)                 ADD   R4 R4 #1
(309A) 0F77  0000111101110111 (  91)                 BRNZP AGAIN
(309B) 217E  0010000101111110 (  93) GETCHAR         LD    R0 NEWLINE
(309C) F021  1111000000100001 (  94)                 TRAP  x21
(309D) E19D  1110000110011101 (  95)                 LEA   R0 PROMPT2
(309E) F022  1111000000100010 (  96)                 TRAP  x22
(309F) F023  1111000000100011 (  97)                 TRAP  x23
(30A0) F021  1111000000100001 (  98)                 TRAP  x21
(30A1) 2215  0010001000010101 (  99)                 LD    R1 ASCII_CHECK
(30A2) 1C20  0001110000100000 ( 100)                 ADD   R6 R0 #0
(30A3) 1381  0001001110000001 ( 101)                 ADD   R1 R6 R1
(30A4) 3C1C  0011110000011100 ( 102)                 ST    R6 MEMBLOCK
(30A5) 07EE  0000011111101110 ( 103)                 BRZP  UPDATE
(30A6) 096B  0000100101101011 ( 104)                 BRN   AGAIN
(30A7) 2172  0010000101110010 ( 108) TOTAL_LOWER     LD    R0 NEWLINE
(30A8) F021  1111000000100001 ( 109)                 TRAP  x21
(30A9) 5020  0101000000100000 ( 111)                 AND   R0 R0 #0
(30AA) 2010  0010000000010000 ( 112)                 LD    R0 ARRAY
(30AB) E015  1110000000010101 ( 113)                 LEA   R0 MEMBLOCK
(30AC) F022  1111000000100010 ( 114)                 TRAP  x22
(30AD) 216C  0010000101101100 ( 117)                 LD    R0 NEWLINE
(30AE) F021  1111000000100001 ( 118)                 TRAP  x21
(30AF) 2C0E  0010110000001110 ( 119)                 LD    R6 CTERM2
(30B0) F021  1111000000100001 ( 120)                 TRAP  x21
(30B1) E1CD  1110000111001101 ( 121)                 LEA   R0 PROMPT3
(30B2) F022  1111000000100010 ( 122)                 TRAP  x22
(30B3) 5020  0101000000100000 ( 123)                 AND   R0 R0 #0
(30B4) 1182  0001000110000010 ( 124)                 ADD   R0 R6 R2
(30B5) F021  1111000000100001 ( 125)                 TRAP  x21
(30B6) 0E14  0000111000010100 ( 126)                 BRNZP DONE
(30B7) FF9F  1111111110011111 ( 129) ASCII_CHECK     .FILL xFF9F
(30B8) 94BF  1001010010111111 ( 131) NEG_COUNT       NOT   R2 R2
(30B9) 14A1  0001010010100001 ( 132)                 ADD   R2 R2 #1
(30BA) 0000  0000000000000000 ( 134) SaveR2          .FILL x0000
(30BB) 30C1  0011000011000001 ( 137) ARRAY           .FILL x30C1
(30BC) FFE0  1111111111100000 ( 138) CONVERT         .FILL xFFE0
(30BD) FFD0  1111111111010000 ( 139) CTERM           .FILL xFFD0
(30BE) 0030  0000000000110000 ( 140) CTERM2          .FILL x0030
(30BF) 300F  0011000000001111 ( 141) RETURN          .FILL x300F
(30C0) 000A  0000000000001010 ( 142) COUNT           .FILL x000A
(30C1) 0000  0000000000000000 ( 144) MEMBLOCK        .FILL x0000
(30C2) 0000  0000000000000000 ( 144)                 .FILL x0000
(30C3) 0000  0000000000000000 ( 144)                 .FILL x0000
(30C4) 0000  0000000000000000 ( 144)                 .FILL x0000
(30C5) 0000  0000000000000000 ( 144)                 .FILL x0000
(30C6) 0000  0000000000000000 ( 144)                 .FILL x0000
(30C7) 0000  0000000000000000 ( 144)                 .FILL x0000
(30C8) 0000  0000000000000000 ( 144)                 .FILL x0000
(30C9) 0000  0000000000000000 ( 144)                 .FILL x0000
(30CA) 0000  0000000000000000 ( 144)                 .FILL x0000
(30CB) F025  1111000000100101 ( 144) DONE            TRAP  x25
